Using pre-set license
Built from '2020.3/staging' branch; Version is '2020.3.26f1 (7298b473bc1a) revision 7510196'; Using compiler version '192528614'; Build Type 'Release'
OS: 'Windows 10  (10.0.19043) 64bit Core' Language: 'nl' Physical Memory: 16261 MB
BatchMode: 1, IsHumanControllingUs: 0, StartBugReporterOnCrash: 0, Is64bit: 1, IsPro: 0

COMMAND LINE ARGUMENTS:
D:\Unity\2020.3.26f1\Editor\Unity.exe
-adb2
-batchMode
-noUpm
-name
AssetImportWorker0
-projectPath
C:/Users/amyvo/Documents/GitHub/Periode3-Klas2/SoulDevour/SoulDevour
-logFile
Logs/AssetImportWorker0.log
-srvPort
55139
Successfully changed project path to: C:/Users/amyvo/Documents/GitHub/Periode3-Klas2/SoulDevour/SoulDevour
C:/Users/amyvo/Documents/GitHub/Periode3-Klas2/SoulDevour/SoulDevour
Using Asset Import Pipeline V2.
Refreshing native plugins compatible for Editor in 32.66 ms, found 2 plugins.
Preloading 0 native plugins for Editor in 0.00 ms.
Initialize engine version: 2020.3.26f1 (7298b473bc1a)
[Subsystems] Discovering subsystems at path D:/Unity/2020.3.26f1/Editor/Data/Resources/UnitySubsystems
[Subsystems] Discovering subsystems at path C:/Users/amyvo/Documents/GitHub/Periode3-Klas2/SoulDevour/SoulDevour/Assets
GfxDevice: creating device client; threaded=0
Direct3D:
    Version:  Direct3D 11.0 [level 11.1]
    Renderer: NVIDIA GeForce RTX 2070 with Max-Q Design (ID=0x1f50)
    Vendor:   
    VRAM:     8031 MB
    Driver:   30.0.14.9733
Initialize mono
Mono path[0] = 'D:/Unity/2020.3.26f1/Editor/Data/Managed'
Mono path[1] = 'D:/Unity/2020.3.26f1/Editor/Data/MonoBleedingEdge/lib/mono/unityjit'
Mono config path = 'D:/Unity/2020.3.26f1/Editor/Data/MonoBleedingEdge/etc'
Using monoOptions --debugger-agent=transport=dt_socket,embedding=1,server=y,suspend=n,address=127.0.0.1:56960
Begin MonoManager ReloadAssembly
Registering precompiled unity dll's ...
Register platform support module: D:/Unity/2020.3.26f1/Editor/Data/PlaybackEngines/WindowsStandaloneSupport/UnityEditor.WindowsStandalone.Extensions.dll
Registered in 0.000981 seconds.
Native extension for WindowsStandalone target not found
Refreshing native plugins compatible for Editor in 30.15 ms, found 2 plugins.
Preloading 0 native plugins for Editor in 0.00 ms.
Mono: successfully reloaded assembly
- Completed reload, in  0.541 seconds
Domain Reload Profiling:
	ReloadAssembly (542ms)
		BeginReloadAssembly (48ms)
			ExecutionOrderSort (0ms)
			DisableScriptedObjects (0ms)
			BackupInstance (0ms)
			ReleaseScriptingObjects (0ms)
			CreateAndSetChildDomain (1ms)
		EndReloadAssembly (427ms)
			LoadAssemblies (47ms)
			RebuildTransferFunctionScriptingTraits (0ms)
			SetupTypeCache (148ms)
			ReleaseScriptCaches (0ms)
			RebuildScriptCaches (31ms)
			SetupLoadedEditorAssemblies (151ms)
				LogAssemblyErrors (0ms)
				InitializePlatformSupportModulesInManaged (4ms)
				SetLoadedEditorAssemblies (0ms)
				RefreshPlugins (30ms)
				BeforeProcessingInitializeOnLoad (13ms)
				ProcessInitializeOnLoadAttributes (77ms)
				ProcessInitializeOnLoadMethodAttributes (26ms)
				AfterProcessingInitializeOnLoad (0ms)
				EditorAssembliesLoaded (0ms)
			ExecutionOrderSort2 (0ms)
			AwakeInstancesAfterBackupRestoration (0ms)
Platform modules already initialized, skipping
Registering precompiled user dll's ...
Registered in 0.004536 seconds.
Begin MonoManager ReloadAssembly
Native extension for WindowsStandalone target not found
Refreshing native plugins compatible for Editor in 0.34 ms, found 2 plugins.
Preloading 0 native plugins for Editor in 0.00 ms.
Mono: successfully reloaded assembly
- Completed reload, in  0.973 seconds
Domain Reload Profiling:
	ReloadAssembly (974ms)
		BeginReloadAssembly (133ms)
			ExecutionOrderSort (0ms)
			DisableScriptedObjects (4ms)
			BackupInstance (0ms)
			ReleaseScriptingObjects (0ms)
			CreateAndSetChildDomain (17ms)
		EndReloadAssembly (781ms)
			LoadAssemblies (85ms)
			RebuildTransferFunctionScriptingTraits (0ms)
			SetupTypeCache (271ms)
			ReleaseScriptCaches (0ms)
			RebuildScriptCaches (44ms)
			SetupLoadedEditorAssemblies (296ms)
				LogAssemblyErrors (0ms)
				InitializePlatformSupportModulesInManaged (4ms)
				SetLoadedEditorAssemblies (0ms)
				RefreshPlugins (0ms)
				BeforeProcessingInitializeOnLoad (73ms)
				ProcessInitializeOnLoadAttributes (206ms)
				ProcessInitializeOnLoadMethodAttributes (9ms)
				AfterProcessingInitializeOnLoad (2ms)
				EditorAssembliesLoaded (0ms)
			ExecutionOrderSort2 (0ms)
			AwakeInstancesAfterBackupRestoration (6ms)
Platform modules already initialized, skipping
========================================================================
Worker process is ready to serve import requests
Launched and connected shader compiler UnityShaderCompiler.exe after 0.13 seconds
Refreshing native plugins compatible for Editor in 0.78 ms, found 2 plugins.
Preloading 0 native plugins for Editor in 0.00 ms.
Unloading 1664 Unused Serialized files (Serialized files now loaded: 0)
System memory in use before: 74.7 MB.
System memory in use after: 74.7 MB.

Unloading 20 unused Assets to reduce memory usage. Loaded Objects now: 2099.
Total: 3.189500 ms (FindLiveObjects: 0.152500 ms CreateObjectMapping: 0.067900 ms MarkObjects: 2.812700 ms  DeleteObjects: 0.155100 ms)

AssetImportParameters requested are different than current active one (requested -> active):
  custom:framework-win-MediaFoundation: 216162199b28c13a410421893ffa2e32 -> 
  custom:video-decoder-ogg-theora: a1e56fd34408186e4bbccfd4996cb3dc -> 
  custom:container-muxer-webm: aa71ff27fc2769a1b78a27578f13a17b -> 
  custom:container-demuxer-webm: 4f35f7cbe854078d1ac9338744f61a02 -> 
  custom:container-demuxer-ogg: 62fdf1f143b41e24485cea50d1cbac27 -> 
  custom:video-encoder-webm-vp8: eb34c28f22e8b96e1ab97ce403110664 -> 
  custom:video-codec-MediaFoundation-h265: 746d11721c4dcdbdad8f713fa42b33f4 -> 
  custom:video-decoder-webm-vp8: 9c59270c3fd7afecdb556c50c9e8de78 -> 
  custom:audio-decoder-ogg-vorbis: bf7c407c2cedff20999df2af8eb42d56 -> 
  custom:audio-encoder-webm-vorbis: bf7c407c2cedff20999df2af8eb42d56 -> 
========================================================================
Received Import Request.
  path: Assets/Amy/FloorGenerator.cs
  artifactKey: Guid(18c8ea15ef53b334baf7dc202e6f5ab0) Importer(815301076,1909f56bfc062723c751e8b465ee728b)
Start importing Assets/Amy/FloorGenerator.cs using Guid(18c8ea15ef53b334baf7dc202e6f5ab0) Importer(815301076,1909f56bfc062723c751e8b465ee728b)  -> (artifact id: '8d4029441d597e7be5cc4a58fc655be4') in 0.073708 seconds 
  Import took 0.076640 seconds .

========================================================================
Received Prepare
Registering precompiled user dll's ...
Registered in 0.004244 seconds.
Begin MonoManager ReloadAssembly
Native extension for WindowsStandalone target not found
Refreshing native plugins compatible for Editor in 0.33 ms, found 2 plugins.
Preloading 0 native plugins for Editor in 0.00 ms.
Mono: successfully reloaded assembly
- Completed reload, in  0.903 seconds
Domain Reload Profiling:
	ReloadAssembly (903ms)
		BeginReloadAssembly (98ms)
			ExecutionOrderSort (0ms)
			DisableScriptedObjects (4ms)
			BackupInstance (0ms)
			ReleaseScriptingObjects (0ms)
			CreateAndSetChildDomain (30ms)
		EndReloadAssembly (754ms)
			LoadAssemblies (76ms)
			RebuildTransferFunctionScriptingTraits (0ms)
			SetupTypeCache (288ms)
			ReleaseScriptCaches (1ms)
			RebuildScriptCaches (40ms)
			SetupLoadedEditorAssemblies (259ms)
				LogAssemblyErrors (0ms)
				InitializePlatformSupportModulesInManaged (4ms)
				SetLoadedEditorAssemblies (0ms)
				RefreshPlugins (0ms)
				BeforeProcessingInitializeOnLoad (64ms)
				ProcessInitializeOnLoadAttributes (180ms)
				ProcessInitializeOnLoadMethodAttributes (8ms)
				AfterProcessingInitializeOnLoad (2ms)
				EditorAssembliesLoaded (0ms)
			ExecutionOrderSort2 (0ms)
			AwakeInstancesAfterBackupRestoration (6ms)
Platform modules already initialized, skipping
Refreshing native plugins compatible for Editor in 0.32 ms, found 2 plugins.
Preloading 0 native plugins for Editor in 0.00 ms.
Unloading 1656 Unused Serialized files (Serialized files now loaded: 0)
System memory in use before: 74.4 MB.
System memory in use after: 74.5 MB.

Unloading 15 unused Assets to reduce memory usage. Loaded Objects now: 2101.
Total: 2.520400 ms (FindLiveObjects: 0.136900 ms CreateObjectMapping: 0.051800 ms MarkObjects: 2.311700 ms  DeleteObjects: 0.019100 ms)

AssetImportParameters requested are different than current active one (requested -> active):
  custom:framework-win-MediaFoundation: 216162199b28c13a410421893ffa2e32 -> 
  custom:video-decoder-ogg-theora: a1e56fd34408186e4bbccfd4996cb3dc -> 
  custom:container-muxer-webm: aa71ff27fc2769a1b78a27578f13a17b -> 
  custom:container-demuxer-webm: 4f35f7cbe854078d1ac9338744f61a02 -> 
  custom:container-demuxer-ogg: 62fdf1f143b41e24485cea50d1cbac27 -> 
  custom:video-encoder-webm-vp8: eb34c28f22e8b96e1ab97ce403110664 -> 
  custom:video-codec-MediaFoundation-h265: 746d11721c4dcdbdad8f713fa42b33f4 -> 
  custom:video-decoder-webm-vp8: 9c59270c3fd7afecdb556c50c9e8de78 -> 
  custom:audio-decoder-ogg-vorbis: bf7c407c2cedff20999df2af8eb42d56 -> 
  custom:audio-encoder-webm-vorbis: bf7c407c2cedff20999df2af8eb42d56 -> 
========================================================================
Received Import Request.
  Time since last request: 1834.491860 seconds.
  path: Assets/Amy/Scripts/Saving System/SavingSystem.cs
  artifactKey: Guid(d3d5512beefddfb48bc8425c7b7c52da) Importer(815301076,1909f56bfc062723c751e8b465ee728b)
Start importing Assets/Amy/Scripts/Saving System/SavingSystem.cs using Guid(d3d5512beefddfb48bc8425c7b7c52da) Importer(815301076,1909f56bfc062723c751e8b465ee728b)  -> (artifact id: 'a126d6d24a0137ab8886c29ed10edcb6') in 0.011362 seconds 
  Import took 0.015932 seconds .

========================================================================
Received Import Request.
  Time since last request: 18.646096 seconds.
  path: Assets/Amy/Scripts/Saving System/SavingSystem.cs
  artifactKey: Guid(d3d5512beefddfb48bc8425c7b7c52da) Importer(815301076,1909f56bfc062723c751e8b465ee728b)
Start importing Assets/Amy/Scripts/Saving System/SavingSystem.cs using Guid(d3d5512beefddfb48bc8425c7b7c52da) Importer(815301076,1909f56bfc062723c751e8b465ee728b)  -> (artifact id: '34386bbe984c026441bafa3aed456c04') in 0.004219 seconds 
  Import took 0.007410 seconds .

========================================================================
Received Import Request.
  Time since last request: 39.632175 seconds.
  path: Assets/Amy/Scripts/Saving System/SavingSystem.cs
  artifactKey: Guid(d3d5512beefddfb48bc8425c7b7c52da) Importer(815301076,1909f56bfc062723c751e8b465ee728b)
Start importing Assets/Amy/Scripts/Saving System/SavingSystem.cs using Guid(d3d5512beefddfb48bc8425c7b7c52da) Importer(815301076,1909f56bfc062723c751e8b465ee728b)  -> (artifact id: '8786a11c34d2b3d7b1d8ee18e0b05737') in 0.003121 seconds 
  Import took 0.006470 seconds .

========================================================================
Received Import Request.
  Time since last request: 15.124433 seconds.
  path: Assets/Amy/Scripts/Saving System/SavingSystem.cs
  artifactKey: Guid(d3d5512beefddfb48bc8425c7b7c52da) Importer(815301076,1909f56bfc062723c751e8b465ee728b)
Start importing Assets/Amy/Scripts/Saving System/SavingSystem.cs using Guid(d3d5512beefddfb48bc8425c7b7c52da) Importer(815301076,1909f56bfc062723c751e8b465ee728b)  -> (artifact id: '2d44c9a0e982d85af7079d18c5336c39') in 0.003814 seconds 
  Import took 0.006875 seconds .

========================================================================
Received Import Request.
  Time since last request: 20.114427 seconds.
  path: Assets/Amy/Scripts/Saving System/SavingSystem.cs
  artifactKey: Guid(d3d5512beefddfb48bc8425c7b7c52da) Importer(815301076,1909f56bfc062723c751e8b465ee728b)
Start importing Assets/Amy/Scripts/Saving System/SavingSystem.cs using Guid(d3d5512beefddfb48bc8425c7b7c52da) Importer(815301076,1909f56bfc062723c751e8b465ee728b)  -> (artifact id: '3883ef74cfc0fcf1e864991d3a698788') in 0.003345 seconds 
  Import took 0.006391 seconds .

========================================================================
Received Import Request.
  Time since last request: 35.493359 seconds.
  path: Assets/Amy/Scripts/Saving System/SavingSystem.cs
  artifactKey: Guid(d3d5512beefddfb48bc8425c7b7c52da) Importer(815301076,1909f56bfc062723c751e8b465ee728b)
Start importing Assets/Amy/Scripts/Saving System/SavingSystem.cs using Guid(d3d5512beefddfb48bc8425c7b7c52da) Importer(815301076,1909f56bfc062723c751e8b465ee728b)  -> (artifact id: '4ec56da9e7a362ed35bcf2e2d89b7730') in 0.003008 seconds 
  Import took 0.006255 seconds .

========================================================================
Received Import Request.
  Time since last request: 27.729435 seconds.
  path: Assets/Amy/Scripts/Saving System/SavingSystem.cs
  artifactKey: Guid(d3d5512beefddfb48bc8425c7b7c52da) Importer(815301076,1909f56bfc062723c751e8b465ee728b)
Start importing Assets/Amy/Scripts/Saving System/SavingSystem.cs using Guid(d3d5512beefddfb48bc8425c7b7c52da) Importer(815301076,1909f56bfc062723c751e8b465ee728b)  -> (artifact id: '11d539c8e56189f1c6a115aa67dc20b0') in 0.003093 seconds 
  Import took 0.006217 seconds .

========================================================================
Received Import Request.
  Time since last request: 8.743227 seconds.
  path: Assets/Amy/Scripts/Saving System/SavingSystem.cs
  artifactKey: Guid(d3d5512beefddfb48bc8425c7b7c52da) Importer(815301076,1909f56bfc062723c751e8b465ee728b)
Start importing Assets/Amy/Scripts/Saving System/SavingSystem.cs using Guid(d3d5512beefddfb48bc8425c7b7c52da) Importer(815301076,1909f56bfc062723c751e8b465ee728b)  -> (artifact id: 'cea1784d7067bc07e6ebceecdd9f64a7') in 0.003486 seconds 
  Import took 0.007554 seconds .

========================================================================
Received Import Request.
  Time since last request: 14.826601 seconds.
  path: Assets/Amy/Scripts/Saving System/SavingSystem.cs
  artifactKey: Guid(d3d5512beefddfb48bc8425c7b7c52da) Importer(815301076,1909f56bfc062723c751e8b465ee728b)
Start importing Assets/Amy/Scripts/Saving System/SavingSystem.cs using Guid(d3d5512beefddfb48bc8425c7b7c52da) Importer(815301076,1909f56bfc062723c751e8b465ee728b)  -> (artifact id: '18bae1ac64a341d2c0d488005a7fce42') in 0.003372 seconds 
  Import took 0.014410 seconds .

========================================================================
Received Import Request.
  Time since last request: 5.054270 seconds.
  path: Assets/Amy/Scripts/Saving System/SavingSystem.cs
  artifactKey: Guid(d3d5512beefddfb48bc8425c7b7c52da) Importer(815301076,1909f56bfc062723c751e8b465ee728b)
Start importing Assets/Amy/Scripts/Saving System/SavingSystem.cs using Guid(d3d5512beefddfb48bc8425c7b7c52da) Importer(815301076,1909f56bfc062723c751e8b465ee728b)  -> (artifact id: '4cae392abe795dd66412c04b3af40069') in 0.003089 seconds 
  Import took 0.005918 seconds .

========================================================================
Received Import Request.
  Time since last request: 19.022054 seconds.
  path: Assets/Amy/Scripts/Saving System/SavingSystem.cs
  artifactKey: Guid(d3d5512beefddfb48bc8425c7b7c52da) Importer(815301076,1909f56bfc062723c751e8b465ee728b)
Start importing Assets/Amy/Scripts/Saving System/SavingSystem.cs using Guid(d3d5512beefddfb48bc8425c7b7c52da) Importer(815301076,1909f56bfc062723c751e8b465ee728b)  -> (artifact id: '554b8594192dbe54695b6e848ed7eae3') in 0.003625 seconds 
  Import took 0.006030 seconds .

========================================================================
Received Import Request.
  Time since last request: 14.022809 seconds.
  path: Assets/Amy/Scripts/Saving System/SavingSystem.cs
  artifactKey: Guid(d3d5512beefddfb48bc8425c7b7c52da) Importer(815301076,1909f56bfc062723c751e8b465ee728b)
Start importing Assets/Amy/Scripts/Saving System/SavingSystem.cs using Guid(d3d5512beefddfb48bc8425c7b7c52da) Importer(815301076,1909f56bfc062723c751e8b465ee728b)  -> (artifact id: 'cd0d00223696a8c4e8817bdf16b16187') in 0.002754 seconds 
  Import took 0.005495 seconds .

========================================================================
Received Import Request.
  Time since last request: 12.130083 seconds.
  path: Assets/Amy/Scripts/Saving System/SavingSystem.cs
  artifactKey: Guid(d3d5512beefddfb48bc8425c7b7c52da) Importer(815301076,1909f56bfc062723c751e8b465ee728b)
Start importing Assets/Amy/Scripts/Saving System/SavingSystem.cs using Guid(d3d5512beefddfb48bc8425c7b7c52da) Importer(815301076,1909f56bfc062723c751e8b465ee728b)  -> (artifact id: '272b000048f036a6b2ae0d1e2e147a70') in 0.002772 seconds 
  Import took 0.005942 seconds .

========================================================================
Received Import Request.
  Time since last request: 75.609724 seconds.
  path: Assets/Amy/Scripts/Saving System/SavingSystem.cs
  artifactKey: Guid(d3d5512beefddfb48bc8425c7b7c52da) Importer(815301076,1909f56bfc062723c751e8b465ee728b)
Start importing Assets/Amy/Scripts/Saving System/SavingSystem.cs using Guid(d3d5512beefddfb48bc8425c7b7c52da) Importer(815301076,1909f56bfc062723c751e8b465ee728b)  -> (artifact id: 'f21b4c7d38174fce7c6d9172c89b472b') in 0.003027 seconds 
  Import took 0.007324 seconds .

========================================================================
Received Import Request.
  Time since last request: 11.838965 seconds.
  path: Assets/Amy/Scripts/Saving System/SavingSystem.cs
  artifactKey: Guid(d3d5512beefddfb48bc8425c7b7c52da) Importer(815301076,1909f56bfc062723c751e8b465ee728b)
Start importing Assets/Amy/Scripts/Saving System/SavingSystem.cs using Guid(d3d5512beefddfb48bc8425c7b7c52da) Importer(815301076,1909f56bfc062723c751e8b465ee728b)  -> (artifact id: '6a1722c3690de65aac4f228e6c7f89ac') in 0.002994 seconds 
  Import took 0.005695 seconds .

========================================================================
Received Import Request.
  Time since last request: 13.916199 seconds.
  path: Assets/Amy/Scripts/Saving System/SavingSystem.cs
  artifactKey: Guid(d3d5512beefddfb48bc8425c7b7c52da) Importer(815301076,1909f56bfc062723c751e8b465ee728b)
Start importing Assets/Amy/Scripts/Saving System/SavingSystem.cs using Guid(d3d5512beefddfb48bc8425c7b7c52da) Importer(815301076,1909f56bfc062723c751e8b465ee728b)  -> (artifact id: '7117d30881faa3102156e1be0d5e5c92') in 0.002845 seconds 
  Import took 0.006173 seconds .

========================================================================
Received Import Request.
  Time since last request: 1.474014 seconds.
  path: Assets/Amy/Scripts/Saving System/SavingSystem.cs
  artifactKey: Guid(d3d5512beefddfb48bc8425c7b7c52da) Importer(815301076,1909f56bfc062723c751e8b465ee728b)
Start importing Assets/Amy/Scripts/Saving System/SavingSystem.cs using Guid(d3d5512beefddfb48bc8425c7b7c52da) Importer(815301076,1909f56bfc062723c751e8b465ee728b)  -> (artifact id: '50e1ff589a742929f31a202249c66ee8') in 0.003140 seconds 
  Import took 0.005694 seconds .

========================================================================
Received Prepare
Registering precompiled user dll's ...
Registered in 0.007274 seconds.
Begin MonoManager ReloadAssembly
Native extension for WindowsStandalone target not found
Refreshing native plugins compatible for Editor in 0.36 ms, found 2 plugins.
Preloading 0 native plugins for Editor in 0.00 ms.
Mono: successfully reloaded assembly
- Completed reload, in  1.138 seconds
Domain Reload Profiling:
	ReloadAssembly (1139ms)
		BeginReloadAssembly (145ms)
			ExecutionOrderSort (0ms)
			DisableScriptedObjects (7ms)
			BackupInstance (0ms)
			ReleaseScriptingObjects (0ms)
			CreateAndSetChildDomain (57ms)
		EndReloadAssembly (935ms)
			LoadAssemblies (92ms)
			RebuildTransferFunctionScriptingTraits (0ms)
			SetupTypeCache (401ms)
			ReleaseScriptCaches (1ms)
			RebuildScriptCaches (57ms)
			SetupLoadedEditorAssemblies (281ms)
				LogAssemblyErrors (0ms)
				InitializePlatformSupportModulesInManaged (4ms)
				SetLoadedEditorAssemblies (1ms)
				RefreshPlugins (0ms)
				BeforeProcessingInitializeOnLoad (69ms)
				ProcessInitializeOnLoadAttributes (197ms)
				ProcessInitializeOnLoadMethodAttributes (9ms)
				AfterProcessingInitializeOnLoad (2ms)
				EditorAssembliesLoaded (0ms)
			ExecutionOrderSort2 (0ms)
			AwakeInstancesAfterBackupRestoration (6ms)
Platform modules already initialized, skipping
Refreshing native plugins compatible for Editor in 0.51 ms, found 2 plugins.
Preloading 0 native plugins for Editor in 0.00 ms.
Unloading 1657 Unused Serialized files (Serialized files now loaded: 0)
System memory in use before: 74.4 MB.
System memory in use after: 74.5 MB.

Unloading 15 unused Assets to reduce memory usage. Loaded Objects now: 2104.
Total: 2.320500 ms (FindLiveObjects: 0.131100 ms CreateObjectMapping: 0.056400 ms MarkObjects: 2.117500 ms  DeleteObjects: 0.014400 ms)

AssetImportParameters requested are different than current active one (requested -> active):
  custom:framework-win-MediaFoundation: 216162199b28c13a410421893ffa2e32 -> 
  custom:video-decoder-ogg-theora: a1e56fd34408186e4bbccfd4996cb3dc -> 
  custom:container-muxer-webm: aa71ff27fc2769a1b78a27578f13a17b -> 
  custom:container-demuxer-webm: 4f35f7cbe854078d1ac9338744f61a02 -> 
  custom:container-demuxer-ogg: 62fdf1f143b41e24485cea50d1cbac27 -> 
  custom:video-encoder-webm-vp8: eb34c28f22e8b96e1ab97ce403110664 -> 
  custom:video-codec-MediaFoundation-h265: 746d11721c4dcdbdad8f713fa42b33f4 -> 
  custom:video-decoder-webm-vp8: 9c59270c3fd7afecdb556c50c9e8de78 -> 
  custom:audio-decoder-ogg-vorbis: bf7c407c2cedff20999df2af8eb42d56 -> 
  custom:audio-encoder-webm-vorbis: bf7c407c2cedff20999df2af8eb42d56 -> 
AssetImportWorkerClient::OnTransportError - code=2 error=End of file
